Log file open, 05/27/17 15:56:49
LogInit:Display: Running engine for game: MMO_Project
LogPlatformFile: Not using cached read wrapper
LogInit:Display: RandInit(418953649) SRandInit(418953649).
LogTaskGraph: Started task graph with 5 named threads and 8 total threads with 1 sets of task threads.
LogStats: Stats thread started at 0.088976
LogInit: Using libcurl 7.47.1
LogInit:  - built for x86_64-pc-win32
LogInit:  - supports SSL with OpenSSL/1.0.2g
LogInit:  - supports HTTP deflate (compression) using libz 1.2.8
LogInit:  - other features:
LogInit:      CURL_VERSION_SSL
LogInit:      CURL_VERSION_LIBZ
LogInit:      CURL_VERSION_IPV6
LogInit:      CURL_VERSION_ASYNCHDNS
LogInit:      CURL_VERSION_LARGEFILE
LogInit:      CURL_VERSION_IDN
LogInit:  CurlRequestOptions (configurable via config and command line):
LogInit:  - bVerifyPeer = false  - Libcurl will NOT verify peer certificate
LogInit:  - bUseHttpProxy = false  - Libcurl will NOT use HTTP proxy
LogInit:  - bDontReuseConnections = false  - Libcurl will reuse connections
LogInit:  - CertBundlePath = nullptr  - Libcurl will use whatever was configured at build time.
LogInit: Build: ++UE4+Release-4.15-CL-3416026
LogInit: Engine Version: 4.15.2-3416026+++UE4+Release-4.15
LogInit: Compatible Engine Version: 4.15.0-3299760+++UE4+Release-4.15
LogInit: Net CL: 3299760
LogDevObjectVersion: Number of dev versions registered: 14
LogDevObjectVersion:   Dev-Blueprints (B0D832E4-1F89-4F0D-ACCF-7EB736FD4AA2): 8
LogDevObjectVersion:   Dev-Build (E1C64328-A22C-4D53-A36C-8E866417BD8C): 0
LogDevObjectVersion:   Dev-Core (375EC13C-06E4-48FB-B500-84F0262A717E): 2
LogDevObjectVersion:   Dev-Editor (E4B068ED-F494-42E9-A231-DA0B2E46BB41): 14
LogDevObjectVersion:   Dev-Framework (CFFC743F-43B0-4480-9391-14DF171D2073): 22
LogDevObjectVersion:   Dev-Mobile (B02B49B5-BB20-44E9-A304-32B752E40360): 0
LogDevObjectVersion:   Dev-Networking (A4E4105C-59A1-49B5-A7C5-40C4547EDFEE): 0
LogDevObjectVersion:   Dev-Online (39C831C9-5AE6-47DC-9A44-9C173E1C8E7C): 0
LogDevObjectVersion:   Dev-Physics (78F01B33-EBEA-4F98-B9B4-84EACCB95AA2): 0
LogDevObjectVersion:   Dev-Platform (6631380F-2D4D-43E0-8009-CF276956A95A): 0
LogDevObjectVersion:   Dev-Rendering (12F88B9F-8875-4AFC-A67C-D90C383ABD29): 12
LogDevObjectVersion:   Dev-Sequencer (7B5AE74C-D270-4C10-A958-57980B212A5A): 3
LogDevObjectVersion:   Dev-VR (D7296918-1DD6-4BDD-9DE2-64A83CC13884): 0
LogDevObjectVersion:   Dev-LoadTimes (C2A15278-BFE7-4AFE-6C17-90FF531DF755): 1
LogInit: Compiled (64-bit): May  1 2017 13:11:28
LogInit: Compiled with Visual C++: 19.00.23026.00
LogInit: Build Configuration: Development
LogInit: Branch Name: ++UE4+Release-4.15
LogInit: Command line: -EpicPortal 
LogInit: Base directory: C:/Program Files/Epic Games/UE_4.15/Engine/Binaries/Win64/
LogInit: Installed Engine Build: 1
LogInit: Presizing for max 8388607 objects, including 0 objects not considered by GC, pre-allocating 0 bytes for permanent pool.
LogInit: Object subsystem initialized
[2017.05.27-19.56.50:742][  0]LogInit: Selected Device Profile: [Windows]
[2017.05.27-19.56.50:742][  0]LogInit: Applying CVar settings loaded from the selected device profile: [Windows]
[2017.05.27-19.56.50:751][  0]LogInit: Computer: DESKTOP-O9IQ814
[2017.05.27-19.56.50:751][  0]LogInit: User: Shaun
[2017.05.27-19.56.50:751][  0]LogInit: CPU Page size=65536, Cores=4
[2017.05.27-19.56.50:751][  0]LogInit: High frequency timer resolution =3.526166 MHz
[2017.05.27-19.56.50:751][  0]LogMemory: Memory total: Physical=31.9GB (32GB approx)
[2017.05.27-19.56.50:751][  0]LogMemory: Platform Memory Stats for Windows
[2017.05.27-19.56.50:751][  0]LogMemory: Process Physical Memory: 263.59 MB used, 263.59 MB peak
[2017.05.27-19.56.50:751][  0]LogMemory: Process Virtual Memory: 262.41 MB used, 262.41 MB peak
[2017.05.27-19.56.50:751][  0]LogMemory: Physical Memory: 11606.04 MB used,  21096.97 MB free, 32703.00 MB total
[2017.05.27-19.56.50:751][  0]LogMemory: Virtual Memory: 630.65 MB used,  21096.97 MB free, 134217728.00 MB total
[2017.05.27-19.56.50:859][  0]LogTextLocalizationManager: No specific translations for ('en-US') exist, so ('en') translations will be used.
[2017.05.27-19.56.51:601][  0]LogD3D11RHI: D3D11 adapters:
[2017.05.27-19.56.52:200][  0]LogD3D11RHI:    0. 'NVIDIA GeForce GTX 980 Ti' (Feature Level 11_0)
[2017.05.27-19.56.52:200][  0]LogD3D11RHI:       6103/0/16351 MB DedicatedVideo/DedicatedSystem/SharedSystem, Outputs:3, VendorId:0x10de
[2017.05.27-19.56.52:202][  0]LogD3D11RHI:    1. 'Microsoft Basic Render Driver' (Feature Level 11_0)
[2017.05.27-19.56.52:202][  0]LogD3D11RHI:       0/0/16351 MB DedicatedVideo/DedicatedSystem/SharedSystem, Outputs:0, VendorId:0x1414
[2017.05.27-19.56.52:202][  0]LogD3D11RHI: Chosen D3D11 Adapter: 0
[2017.05.27-19.56.52:209][  0]LogD3D11RHI: Creating new Direct3DDevice
[2017.05.27-19.56.52:209][  0]LogD3D11RHI:     GPU DeviceId: 0x17c8 (for the marketing name, search the web for "GPU Device Id")
[2017.05.27-19.56.52:209][  0]LogWindows: EnumDisplayDevices:
[2017.05.27-19.56.52:209][  0]LogWindows:    0. 'NVIDIA GeForce GTX 980 Ti' (P:1 D:1)
[2017.05.27-19.56.52:209][  0]LogWindows:    1. 'NVIDIA GeForce GTX 980 Ti' (P:0 D:1)
[2017.05.27-19.56.52:210][  0]LogWindows:    2. 'NVIDIA GeForce GTX 980 Ti' (P:0 D:1)
[2017.05.27-19.56.52:210][  0]LogWindows:    3. 'NVIDIA GeForce GTX 980 Ti' (P:0 D:0)
[2017.05.27-19.56.52:210][  0]LogWindows: DebugString: FoundDriverCount:4 
[2017.05.27-19.56.52:210][  0]LogD3D11RHI:     Adapter Name: NVIDIA GeForce GTX 980 Ti
[2017.05.27-19.56.52:210][  0]LogD3D11RHI:   Driver Version: 382.05 (internal:22.21.13.8205, unified:382.05)
[2017.05.27-19.56.52:210][  0]LogD3D11RHI:      Driver Date: 5-1-2017
[2017.05.27-19.56.52:210][  0]LogRHI: Texture pool is 1361 MB (70% of 1945 MB)
[2017.05.27-19.56.52:770][  0]LogD3D11RHI: [Aftermath] Aftermath enabled and primed
[2017.05.27-19.56.52:770][  0]LogD3D11RHI: Async texture creation enabled
[2017.05.27-19.56.52:802][  0]LogD3D11RHI: GPU Timing Frequency: 1000.000000 (Debug: 2 1)
[2017.05.27-19.56.52:901][  0]LogShaderCompilers: Guid format shader working directory is -5 characters bigger than the processId version (D:/Shaun/Documents/GitHub/Unreal-Games/MMO_Project/Intermediate/Shaders/WorkingDirectory/13296/).
[2017.05.27-19.56.52:901][  0]LogShaderCompilers: Cleaned the shader compiler working directory 'C:/Users/Shaun/AppData/Local/Temp/UnrealShaderWorkingDir/F0D63BDA4409F215F811DDB6F2B95FCC/'.
[2017.05.27-19.56.52:901][  0]LogShaderCompilers:Display: Using Local Shader Compiler.
[2017.05.27-19.56.54:314][  0]LogTemp:Display: Loaded TP AllDesktopTargetPlatform
[2017.05.27-19.56.54:402][  0]LogTemp:Display: Loaded TP MacClientTargetPlatform
[2017.05.27-19.56.54:491][  0]LogTemp:Display: Loaded TP MacNoEditorTargetPlatform
[2017.05.27-19.56.54:579][  0]LogTemp:Display: Loaded TP MacServerTargetPlatform
[2017.05.27-19.56.54:668][  0]LogTemp:Display: Loaded TP MacTargetPlatform
[2017.05.27-19.56.54:758][  0]LogTemp:Display: Loaded TP WindowsClientTargetPlatform
[2017.05.27-19.56.54:846][  0]LogTemp:Display: Loaded TP WindowsNoEditorTargetPlatform
[2017.05.27-19.56.54:935][  0]LogTemp:Display: Loaded TP WindowsServerTargetPlatform
[2017.05.27-19.56.55:012][  0]LogTemp:Display: Loaded TP WindowsTargetPlatform
[2017.05.27-19.56.55:103][  0]LogTemp:Display: Loaded TP AndroidTargetPlatform
[2017.05.27-19.56.55:190][  0]LogTemp:Display: Loaded TP Android_ASTCTargetPlatform
[2017.05.27-19.56.55:279][  0]LogTemp:Display: Loaded TP Android_ATCTargetPlatform
[2017.05.27-19.56.55:367][  0]LogTemp:Display: Loaded TP Android_DXTTargetPlatform
[2017.05.27-19.56.55:457][  0]LogTemp:Display: Loaded TP Android_ETC1TargetPlatform
[2017.05.27-19.56.55:546][  0]LogTemp:Display: Loaded TP Android_ETC2TargetPlatform
[2017.05.27-19.56.55:720][  0]LogTemp:Display: Loaded TP Android_MultiTargetPlatform
[2017.05.27-19.56.55:720][  0]LogTemp:Display: Loaded TP Android_PVRTCTargetPlatform
[2017.05.27-19.56.55:798][  0]LogTemp:Display: Loaded TP HTML5TargetPlatform
[2017.05.27-19.56.55:951][  0]LogTemp:Display: Loaded TP IOSTargetPlatform
[2017.05.27-19.56.55:999][  0]LogTemp:Display: Loaded TP TVOSTargetPlatform
[2017.05.27-19.56.56:087][  0]LogTemp:Display: Loaded TP LinuxClientTargetPlatform
[2017.05.27-19.56.56:177][  0]LogTemp:Display: Loaded TP LinuxNoEditorTargetPlatform
[2017.05.27-19.56.56:267][  0]LogTemp:Display: Loaded TP LinuxServerTargetPlatform
[2017.05.27-19.56.56:360][  0]LogTemp:Display: Loaded TP LinuxTargetPlatform
[2017.05.27-19.56.56:360][  0]LogTargetPlatformManager:Display: Building Assets For Windows
[2017.05.27-19.56.57:083][  0]LogDerivedDataCache:Display: Max Cache Size: 512 MB
[2017.05.27-19.56.57:135][  0]LogDerivedDataCache: Loaded boot cache 0.05s 50MB C:/Users/Shaun/AppData/Local/UnrealEngine/4.15/DerivedDataCache/Boot.ddc.
[2017.05.27-19.56.57:135][  0]LogDerivedDataCache:Display: Loaded Boot cache: C:/Users/Shaun/AppData/Local/UnrealEngine/4.15/DerivedDataCache/Boot.ddc
[2017.05.27-19.56.57:135][  0]LogDerivedDataCache: FDerivedDataBackendGraph:  Pak pak cache file D:/Shaun/Documents/GitHub/Unreal-Games/MMO_Project/DerivedDataCache/DDC.ddp not found, will not use a pak cache.
[2017.05.27-19.56.57:135][  0]LogDerivedDataCache: Unable to find inner node Pak for hierarchical cache Hierarchy.
[2017.05.27-19.56.57:135][  0]LogDerivedDataCache: FDerivedDataBackendGraph:  CompressedPak pak cache file D:/Shaun/Documents/GitHub/Unreal-Games/MMO_Project/DerivedDataCache/Compressed.ddp not found, will not use a pak cache.
[2017.05.27-19.56.57:135][  0]LogDerivedDataCache: Unable to find inner node CompressedPak for hierarchical cache Hierarchy.
[2017.05.27-19.56.57:152][  0]LogDerivedDataCache:Display: Pak cache opened for reading ../../../Engine/DerivedDataCache/Compressed.ddp.
[2017.05.27-19.56.57:164][  0]LogDerivedDataCache: Using Local data cache path C:/Users/Shaun/AppData/Local/UnrealEngine/Common/DerivedDataCache: Writable
[2017.05.27-19.56.57:174][  0]LogSlate: Using Freetype 2.6.0
[2017.05.27-19.56.57:175][  0]LogSlate: SlateFontCache - WITH_FREETYPE: 1, WITH_HARFBUZZ: 1
[2017.05.27-19.56.57:175][  0]LogSlate: SlateFontCache - WITH_FREETYPE: 1, WITH_HARFBUZZ: 1
[2017.05.27-19.56.57:556][  0]LogInit: Selected Device Profile: [Windows]
[2017.05.27-19.56.57:560][  0]LogContentStreaming: Texture pool size is 0.00 MB
[2017.05.27-19.56.57:880][  0]LogMeshUtilities: Using QuadricMeshReduction for automatic static mesh reduction
[2017.05.27-19.56.57:965][  0]LogSimplygon: Simplygon DLL not present - disabling.
[2017.05.27-19.56.58:062][  0]LogMeshUtilities: Using SimplygonSwarm for distributed automatic mesh merging
[2017.05.27-19.56.58:062][  0]LogMeshUtilities: No automatic skeletal mesh reduction module available
[2017.05.27-19.56.58:062][  0]LogMeshUtilities: No automatic mesh merging module available
[2017.05.27-19.56.58:831][  0]LogNetVersion: GetLocalNetworkVersion: CL: 3299760, ProjectName: mmo_project, ProjectVersion: , EngineNetworkVersion: 2, GameNetworkVersion: 0, NetworkChecksum: 2101225588
[2017.05.27-19.56.58:888][  0]LogAssetRegistry: FAssetRegistry took 0.0223 seconds to start up
[2017.05.27-19.56.58:961][  0]LogPackageLocalizationCache: Processed 3 localized package path(s) for 2 prioritized culture(s) in 0.039812 seconds
[2017.05.27-19.56.58:967][  0]LogUObjectArray: 32493 objects as part of root set at end of initial load.
[2017.05.27-19.56.58:967][  0]LogUObjectAllocator: 7077032 out of 0 bytes used by permanent object pool.
[2017.05.27-19.56.58:967][  0]LogUObjectArray: CloseDisregardForGC: 0/0 objects in disregard for GC pool
[2017.05.27-19.56.59:070][  0]LogInit: WinSock: version 1.1 (2.2), MaxSocks=32767, MaxUdp=65467
[2017.05.27-19.57.01:942][  0]LogTcpMessaging: Initializing TcpMessaging bridge
[2017.05.27-19.57.02:027][  0]LogUdpMessaging: Initializing bridge on interface 0.0.0.0:0 to multicast group 230.0.0.1:6666.
[2017.05.27-19.57.02:817][  0]LogMaterial: Uniform references updated for custom material expression Custom.
[2017.05.27-19.57.03:480][  0]SourceControl: Info Source control is disabled
[2017.05.27-19.57.03:481][  0]SourceControl: Info Source control is disabled
[2017.05.27-19.57.03:570][  0]SourceControl: Info Source control is disabled
[2017.05.27-19.57.03:660][  0]SourceControl: Info Source control is disabled
[2017.05.27-19.57.05:982][  0]LogEngine: Initializing Engine...
[2017.05.27-19.57.05:983][  0]LogHMD: Failed to initialize OpenVR with code 110
[2017.05.27-19.57.06:101][  0]LogStats: UGameplayTagsManager::ConstructGameplayTagTree: Construct from data asset -  0.000 s
[2017.05.27-19.57.06:101][  0]LogStats: UGameplayTagsManager::ConstructGameplayTagTree: GameplayTagTreeChangedEvent.Broadcast -  0.000 s
[2017.05.27-19.57.06:326][  0]LogAIModule: Creating AISystem for world Untitled
[2017.05.27-19.57.06:347][  0]LogInit: XAudio2 using 'Headset Earphone (Razer Kraken 7.1 Chroma)' : 2 channels at 44.1 kHz using 16 bits per sample (channel mask 0x3)
[2017.05.27-19.57.06:374][  0]LogInit: FAudioDevice initialized.
[2017.05.27-19.57.06:402][  0]LogDerivedDataCache: Saved boot cache 0.03s 50MB C:/Users/Shaun/AppData/Local/UnrealEngine/4.15/DerivedDataCache/Boot.ddc.
[2017.05.27-19.57.06:409][  0]LogInit: Texture streaming: Enabled
[2017.05.27-19.57.06:550][  0]LogEngineSessionManager: EngineSessionManager initialized
[2017.05.27-19.57.06:705][  0]LogInit: Transaction tracking system initialized
[2017.05.27-19.57.07:343][  0]BlueprintLog: New page: Editor Load
[2017.05.27-19.57.08:956][  0]LocalizationService: Info Localization service is disabled
[2017.05.27-19.57.10:173][  0]LogConsoleResponse:Display: 
[2017.05.27-19.57.10:336][  0]LogCook:Display: Max memory allowance for cook 16384mb min free memory 0mb
[2017.05.27-19.57.10:336][  0]LogCook:Display: Mobile HDR setting 1
[2017.05.27-19.57.11:214][  0]LogFileCache: Scanning file cache for directory 'D:/Shaun/Documents/GitHub/Unreal-Games/MMO_Project/Content/' took 0.01s
[2017.05.27-19.57.12:253][  0]SourceControl: Info Source control is disabled
[2017.05.27-19.57.12:253][  0]Cmd: MAP LOAD FILE="D:/Shaun/Documents/GitHub/Unreal-Games/MMO_Project/Content/TwinStickBP/Maps/TwinStickExampleMap.umap" TEMPLATE=0 SHOWPROGRESS=1 FEATURELEVEL=3
[2017.05.27-19.57.12:254][  0]LightingResults: New page: Lighting Build
[2017.05.27-19.57.12:331][  0]MapCheck: New page: Map Check
[2017.05.27-19.57.12:331][  0]LightingResults: New page: Lighting Build
[2017.05.27-19.57.12:738][  0]LogAIModule: Creating AISystem for world TwinStickExampleMap
[2017.05.27-19.57.12:765][  0]LogEditorServer: Finished looking for orphan Actors (0.000 secs)
[2017.05.27-19.57.12:766][  0]Cmd: MAP CHECKDEP NOCLEARLOG
[2017.05.27-19.57.12:901][  0]MapCheck: Info Map check complete: 0 Error(s), 0 Warning(s), took 135.164ms to complete.
[2017.05.27-19.57.12:901][  0]LogFileHelpers: Loading map 'TwinStickExampleMap' took 0.648
[2017.05.27-19.57.13:174][  0]LogCollectionManager: Loaded 0 collections in 0.002485 seconds
[2017.05.27-19.57.13:314][  0]LogFileCache: Scanning file cache for directory 'D:/Shaun/Documents/GitHub/Unreal-Games/MMO_Project/Saved/Collections/' took 0.01s
[2017.05.27-19.57.13:314][  0]LogFileCache: Scanning file cache for directory 'D:/Shaun/Documents/GitHub/Unreal-Games/MMO_Project/Content/Developers/Shaun/Collections/' took 0.01s
[2017.05.27-19.57.13:314][  0]LogFileCache: Scanning file cache for directory 'D:/Shaun/Documents/GitHub/Unreal-Games/MMO_Project/Content/Collections/' took 0.01s
[2017.05.27-19.57.13:314][  0]LogCollectionManager: Rebuilt the GUID cache for 0 collections in 0.000003 seconds
[2017.05.27-19.57.13:325][  0]LogContentBrowser: Native class hierarchy populated in 0.0104 seconds. Added 2245 classes and 453 folders.
[2017.05.27-19.57.13:435][  0]LogContentBrowser: Native class hierarchy updated for 'WidgetCarousel' in 0.0008 seconds. Added 0 classes and 0 folders.
[2017.05.27-19.57.13:523][  0]LogContentBrowser: Native class hierarchy updated for 'AddContentDialog' in 0.0008 seconds. Added 0 classes and 0 folders.
[2017.05.27-19.57.13:625][  0]LogContentBrowser: Native class hierarchy updated for 'SceneOutliner' in 0.0009 seconds. Added 1 classes and 2 folders.
[2017.05.27-19.57.13:687][  0]LogCrashTracker: Crashtracker disabled due to settings.
[2017.05.27-19.57.13:723][  0]LogUObjectGlobals:Warning: Failed to find object 'Class None.'
[2017.05.27-19.57.13:824][  0]LogContentBrowser: Native class hierarchy updated for 'HierarchicalLODOutliner' in 0.0009 seconds. Added 1 classes and 2 folders.
[2017.05.27-19.57.13:825][  0]LogLoad: (Engine Initialization) Total time: 26.08 seconds
[2017.05.27-19.57.13:825][  0]LogLoad: (Engine Initialization) Total Blueprint compile time: 0.19 seconds
[2017.05.27-19.57.13:825][  0]LogExternalProfiler: No external profilers were discovered.  External profiling features will not be available.
[2017.05.27-19.57.14:164][  0]LogOcInput: OculusInput pre-init called
[2017.05.27-19.57.14:190][  0]LogContentStreaming: Texture pool size now 1000 MB
[2017.05.27-19.57.14:191][  0]LogSlate: Took 0.000324 seconds to synchronously load lazily loaded font '../../../Engine/Content/Slate/Fonts/Roboto-Regular.ttf' (155K)
[2017.05.27-19.57.14:195][  0]LogSlate: Took 0.000387 seconds to synchronously load lazily loaded font '../../../Engine/Content/Slate/Fonts/Roboto-Bold.ttf' (160K)
[2017.05.27-19.57.14:202][  0]LogSlate: Took 0.001189 seconds to synchronously load lazily loaded font '../../../Engine/Content/Editor/Slate/Fonts/FontAwesome.ttf' (139K)
[2017.05.27-19.57.14:347][  0]LogSlate: Took 0.000403 seconds to synchronously load lazily loaded font '../../../Engine/Content/Slate/Fonts/Roboto-Light.ttf' (159K)
[2017.05.27-19.57.14:390][  0]LogRenderer: Reallocating scene render targets to support 1208x600 NumSamples 1 (Frame:2).
[2017.05.27-19.57.14:643][  1]LogAssetRegistry: Asset discovery search completed in 15.7776 seconds
[2017.05.27-19.57.14:643][  1]LogCollectionManager: Rebuilt the object cache for 0 collections in 0.000005 seconds (found 0 objects)
[2017.05.27-19.57.14:643][  1]LogCollectionManager: Fixed up redirectors for 0 collections in 0.000021 seconds (updated 0 objects)
[2017.05.27-19.57.31:121][585]LogActorFactory: Actor Factory created Cylinder
[2017.05.27-19.57.32:524][734]LogActorFactory: Actor Factory created Cylinder
[2017.05.27-19.58.56:773][344]LogSlate: Took 0.000340 seconds to synchronously load lazily loaded font '../../../Engine/Content/Slate/Fonts/Roboto-Light.ttf' (159K)
[2017.05.27-19.58.56:807][344]LogFactory: FactoryCreateFile: StaticMesh with FbxFactory (0 0 D:/Shaun/Desktop/Sofa.obj)
[2017.05.27-19.58.56:855][344]LogFbx: Loading FBX Scene from D:/Shaun/Desktop/Sofa.obj
[2017.05.27-19.58.57:587][344]LogFbx: FBX Scene Loaded Succesfully
[2017.05.27-19.58.57:592][344]LogSlate: Took 0.000255 seconds to synchronously load lazily loaded font '../../../Engine/Content/Slate/Fonts/Roboto-Regular.ttf' (155K)
[2017.05.27-19.58.59:455][344]LogFbx: Loading FBX Scene from D:/Shaun/Desktop/Sofa.obj
[2017.05.27-19.59.00:179][344]LogFbx: FBX Scene Loaded Succesfully
[2017.05.27-19.59.00:186][344]LogLinker: Can't find file '/Game/TwinStickBP/Box047Mat'
[2017.05.27-19.59.00:186][344]LogLinker: Can't find file '/Game/TwinStickBP/Box047Mat'
[2017.05.27-19.59.00:798][344]LogMaterial: Missing cached shader map for material Box047Mat, compiling. 
[2017.05.27-19.59.00:798][344]LogTemp:Display: Added material ShaderMap 0x0000022C240A9280 with Material 0x0000022C24082B00 to ShaderMapsBeingCompiled
[2017.05.27-19.59.00:823][344]LogTemp:Display: Kicking off shader compilation for Box047Mat, GameThreadShaderMap 0x0000022C240A9280
[2017.05.27-19.59.00:824][344]LogFbx:Warning: Triangulating static mesh Box047
[2017.05.27-19.59.11:860][344]LogStaticMesh: Building static mesh Sofa...
[2017.05.27-19.59.12:029][344]LogMeshUtilities: Invalid vertex normals found for mesh. Forcing recomputation of vertex normals for MikkTSpace. Fix mesh or disable "Use MikkTSpace Tangent Space" to avoid forced recomputation of normals.
[2017.05.27-19.59.14:509][344]LogStaticMesh: Built static mesh [2.65s] /Game/TwinStickBP/Sofa.Sofa
[2017.05.27-19.59.15:574][344]LogTemp:Display: Finished compile of shader map 0x0000022C240A9280
[2017.05.27-19.59.15:574][344]LogTemp:Display: Shader map Box047Mat complete, GameThreadShaderMap 0x0000022C240A9280, marking material Box047Mat as finished
[2017.05.27-19.59.15:574][344]LogTemp:Display: Marking material as finished 0x0000022C24082B00
[2017.05.27-19.59.16:478][432]LogSlate: Took 0.001348 seconds to synchronously load lazily loaded font '../../../Engine/Content/Editor/Slate/Fonts/Roboto-Italic.ttf' (157K)
[2017.05.27-19.59.17:674][532]LogActorFactory: Actor Factory created Sofa
[2017.05.27-19.59.18:543][607]LogActorFactory: Actor Factory created Sofa
[2017.05.27-19.59.48:146][793]LogSavePackage: Save=91.42ms
[2017.05.27-19.59.48:146][793]LogSavePackage: Moving 'D:/Shaun/Documents/GitHub/Unreal-Games/MMO_Project/Saved/TwinStickExampleMap523007B244017B442BB8FCBFA7592780.tmp' to 'D:/Shaun/Documents/GitHub/Unreal-Games/MMO_Project/Content/TwinStickBP/Maps/TwinStickExampleMap.umap'
[2017.05.27-19.59.48:150][793]LogSavePackage:Display: Finished SavePackage D:/Shaun/Documents/GitHub/Unreal-Games/MMO_Project/Content/TwinStickBP/Maps/TwinStickExampleMap.umap
[2017.05.27-19.59.48:281][793]LogSavePackage: Save=113.32ms
[2017.05.27-19.59.48:281][793]LogSavePackage: Moving 'D:/Shaun/Documents/GitHub/Unreal-Games/MMO_Project/Saved/TwinStickExampleMap_BuiltDataAC5C95DD4C018E498F5B659CFA2DC1FB.tmp' to 'D:/Shaun/Documents/GitHub/Unreal-Games/MMO_Project/Content/TwinStickBP/Maps/TwinStickExampleMap_BuiltData.uasset'
[2017.05.27-19.59.48:284][793]LogSavePackage:Display: Finished SavePackage D:/Shaun/Documents/GitHub/Unreal-Games/MMO_Project/Content/TwinStickBP/Maps/TwinStickExampleMap_BuiltData.uasset
